<testsuites id="" name="" tests="1" failures="0" skipped="0" errors="0" time="97.654774">
<testsuite name="demo-recording.spec.ts" timestamp="2026-02-18T10:32:46.648Z" hostname="chromium" tests="1" failures="0" skipped="0" time="94.398" errors="0">
<testcase name="FlowPlan Demo Recording › Full Application Walkthrough" classname="demo-recording.spec.ts" time="94.398">
<system-out>
<![CDATA[
[[ATTACHMENT|test-results\demo-recording-FlowPlan-De-4fbfa-ull-Application-Walkthrough-chromium\video.webm]]
]]>
</system-out>
</testcase>
</testsuite>
</testsuites>