<testsuites id="" name="" tests="392" failures="0" skipped="392" errors="0" time="0.10052599999999984">
<testsuite name="auth.spec.ts" timestamp="2026-02-05T08:23:16.371Z" hostname="chromium" tests="20" failures="0" skipped="20" time="0" errors="0">
<testcase name="Login Page Navigation › should navigate to /login page" classname="auth.spec.ts" time="0">
<skipped>
</skipped>
</testcase>
<testcase name="Login Page Navigation › should display login form with Hebrew labels" classname="auth.spec.ts" time="0">
<skipped>
</skipped>
</testcase>
<testcase name="Login Page Navigation › should have link to register page" classname="auth.spec.ts" time="0">
<skipped>
</skipped>
</testcase>
<testcase name="Login Form Validation › should show error for invalid credentials" classname="auth.spec.ts" time="0">
<skipped>
</skipped>
</testcase>
<testcase name="Login Form Validation › should disable submit button while loading" classname="auth.spec.ts" time="0">
<skipped>
</skipped>
</testcase>
<testcase name="Login Form Validation › should require email and password fields" classname="auth.spec.ts" time="0">
<skipped>
</skipped>
</testcase>
<testcase name="Register Page Navigation › should navigate to /register page" classname="auth.spec.ts" time="0">
<skipped>
</skipped>
</testcase>
<testcase name="Register Page Navigation › should display register form with Hebrew labels" classname="auth.spec.ts" time="0">
<skipped>
</skipped>
</testcase>
<testcase name="Register Page Navigation › should have link to login page" classname="auth.spec.ts" time="0">
<skipped>
</skipped>
</testcase>
<testcase name="Register Form Validation › should show error when passwords do not match" classname="auth.spec.ts" time="0">
<skipped>
</skipped>
</testcase>
<testcase name="Register Form Validation › should show error for password less than 6 characters" classname="auth.spec.ts" time="0">
<skipped>
</skipped>
</testcase>
<testcase name="Register Form Validation › should show password hint" classname="auth.spec.ts" time="0">
<skipped>
</skipped>
</testcase>
<testcase name="Register Form Validation › should require email and password fields" classname="auth.spec.ts" time="0">
<skipped>
</skipped>
</testcase>
<testcase name="Successful Registration Flow › should register new user and redirect to dashboard" classname="auth.spec.ts" time="0">
<skipped>
</skipped>
</testcase>
<testcase name="Login Flow › should login with existing user and access dashboard" classname="auth.spec.ts" time="0">
<skipped>
</skipped>
</testcase>
<testcase name="Logout Flow › should logout and redirect to login page" classname="auth.spec.ts" time="0">
<skipped>
</skipped>
</testcase>
<testcase name="Protected Routes › should redirect unauthenticated user from dashboard to login" classname="auth.spec.ts" time="0">
<skipped>
</skipped>
</testcase>
<testcase name="Protected Routes › should redirect unauthenticated user from projects to login" classname="auth.spec.ts" time="0">
<skipped>
</skipped>
</testcase>
<testcase name="Protected Routes › should redirect unauthenticated user from team to login" classname="auth.spec.ts" time="0">
<skipped>
</skipped>
</testcase>
<testcase name="Auth Integration Tests › full auth workflow: register, dashboard access, logout, login" classname="auth.spec.ts" time="0">
<skipped>
</skipped>
</testcase>
</testsuite>
<testsuite name="dashboard.spec.ts" timestamp="2026-02-05T08:23:16.371Z" hostname="chromium" tests="17" failures="0" skipped="17" time="0" errors="0">
<testcase name="Dashboard Navigation &amp; Layout › should display dashboard with RTL layout" classname="dashboard.spec.ts" time="0">
<skipped>
</skipped>
</testcase>
<testcase name="Dashboard Navigation &amp; Layout › should display navigation bar" classname="dashboard.spec.ts" time="0">
<skipped>
</skipped>
</testcase>
<testcase name="Dashboard Navigation &amp; Layout › should display logout button for authenticated user" classname="dashboard.spec.ts" time="0">
<skipped>
</skipped>
</testcase>
<testcase name="Project Management › should display create project button or existing projects" classname="dashboard.spec.ts" time="0">
<skipped>
</skipped>
</testcase>
<testcase name="Project Management › should create a new project" classname="dashboard.spec.ts" time="0">
<skipped>
</skipped>
</testcase>
<testcase name="Phase Management › should display create phase button" classname="dashboard.spec.ts" time="0">
<skipped>
</skipped>
</testcase>
<testcase name="Phase Management › should create a new phase" classname="dashboard.spec.ts" time="0">
<skipped>
</skipped>
</testcase>
<testcase name="Task CRUD Operations › should display create task button" classname="dashboard.spec.ts" time="0">
<skipped>
</skipped>
</testcase>
<testcase name="Task CRUD Operations › should open task creation modal" classname="dashboard.spec.ts" time="0">
<skipped>
</skipped>
</testcase>
<testcase name="Task CRUD Operations › should create a new task" classname="dashboard.spec.ts" time="0">
<skipped>
</skipped>
</testcase>
<testcase name="Task CRUD Operations › should edit an existing task" classname="dashboard.spec.ts" time="0">
<skipped>
</skipped>
</testcase>
<testcase name="Task CRUD Operations › should delete a task" classname="dashboard.spec.ts" time="0">
<skipped>
</skipped>
</testcase>
<testcase name="Task Status Changes › should change task status from todo to in_progress" classname="dashboard.spec.ts" time="0">
<skipped>
</skipped>
</testcase>
<testcase name="View Mode Switching › should switch to Gantt view" classname="dashboard.spec.ts" time="0">
<skipped>
</skipped>
</testcase>
<testcase name="View Mode Switching › should switch back to Phases view" classname="dashboard.spec.ts" time="0">
<skipped>
</skipped>
</testcase>
<testcase name="Statistics Display › should display project statistics" classname="dashboard.spec.ts" time="0">
<skipped>
</skipped>
</testcase>
<testcase name="Dashboard Integration Tests › full workflow: create project, phase, task, edit, delete" classname="dashboard.spec.ts" time="0">
<skipped>
</skipped>
</testcase>
</testsuite>
<testsuite name="findings-center.spec.ts" timestamp="2026-02-05T08:23:16.371Z" hostname="chromium" tests="34" failures="0" skipped="34" time="0" errors="0">
<testcase name="Findings Page Navigation › should navigate to /findings page" classname="findings-center.spec.ts" time="0">
<skipped>
</skipped>
</testcase>
<testcase name="Findings Page Navigation › should verify page loads with FindingsList and CapaTracker" classname="findings-center.spec.ts" time="0">
<skipped>
</skipped>
</testcase>
<testcase name="Findings Page Navigation › should verify RTL layout and Hebrew labels" classname="findings-center.spec.ts" time="0">
<skipped>
</skipped>
</testcase>
<testcase name="Findings Page Navigation › should display findings grid layout on large screens" classname="findings-center.spec.ts" time="0">
<skipped>
</skipped>
</testcase>
<testcase name="Create New Finding › should open Add Finding modal when clicking button" classname="findings-center.spec.ts" time="0">
<skipped>
</skipped>
</testcase>
<testcase name="Create New Finding › should create a new finding with all fields" classname="findings-center.spec.ts" time="0">
<skipped>
</skipped>
</testcase>
<testcase name="Create New Finding › should create finding with critical severity and verify badge color" classname="findings-center.spec.ts" time="0">
<skipped>
</skipped>
</testcase>
<testcase name="Filter Findings › should display severity filter buttons" classname="findings-center.spec.ts" time="0">
<skipped>
</skipped>
</testcase>
<testcase name="Filter Findings › should filter findings by critical severity" classname="findings-center.spec.ts" time="0">
<skipped>
</skipped>
</testcase>
<testcase name="Filter Findings › should filter findings by status" classname="findings-center.spec.ts" time="0">
<skipped>
</skipped>
</testcase>
<testcase name="Filter Findings › should clear filters and show all findings" classname="findings-center.spec.ts" time="0">
<skipped>
</skipped>
</testcase>
<testcase name="Filter Findings › should show no matches message when filter returns empty" classname="findings-center.spec.ts" time="0">
<skipped>
</skipped>
</testcase>
<testcase name="Edit Finding › should open Edit Finding modal when clicking edit button" classname="findings-center.spec.ts" time="0">
<skipped>
</skipped>
</testcase>
<testcase name="Edit Finding › should update finding status from Open to In Progress" classname="findings-center.spec.ts" time="0">
<skipped>
</skipped>
</testcase>
<testcase name="Edit Finding › should update CAPA field and verify changes" classname="findings-center.spec.ts" time="0">
<skipped>
</skipped>
</testcase>
<testcase name="CAPA Tracker Widget › should display CAPA Tracker with statistics" classname="findings-center.spec.ts" time="0">
<skipped>
</skipped>
</testcase>
<testcase name="CAPA Tracker Widget › should display total findings count" classname="findings-center.spec.ts" time="0">
<skipped>
</skipped>
</testcase>
<testcase name="CAPA Tracker Widget › should display CAPA completion percentage" classname="findings-center.spec.ts" time="0">
<skipped>
</skipped>
</testcase>
<testcase name="CAPA Tracker Widget › should display overdue findings warning when applicable" classname="findings-center.spec.ts" time="0">
<skipped>
</skipped>
</testcase>
<testcase name="CAPA Tracker Widget › should display severity breakdown when findings exist" classname="findings-center.spec.ts" time="0">
<skipped>
</skipped>
</testcase>
<testcase name="Finding Card Display › should display finding card with severity badge" classname="findings-center.spec.ts" time="0">
<skipped>
</skipped>
</testcase>
<testcase name="Finding Card Display › should display finding card with status badge" classname="findings-center.spec.ts" time="0">
<skipped>
</skipped>
</testcase>
<testcase name="Finding Card Display › should display CAPA indicator on finding card" classname="findings-center.spec.ts" time="0">
<skipped>
</skipped>
</testcase>
<testcase name="Finding Card Display › should display due date on finding card when set" classname="findings-center.spec.ts" time="0">
<skipped>
</skipped>
</testcase>
<testcase name="Finding Card Display › should display edit and delete buttons on finding card" classname="findings-center.spec.ts" time="0">
<skipped>
</skipped>
</testcase>
<testcase name="Empty State › should display empty state when no findings exist" classname="findings-center.spec.ts" time="0">
<properties>
<property name="skip" value="">
</property>
</properties>
<skipped>
</skipped>
</testcase>
<testcase name="Empty State › should display CAPA Tracker empty state when no findings" classname="findings-center.spec.ts" time="0">
<skipped>
</skipped>
</testcase>
<testcase name="Validation › should show validation error for empty description" classname="findings-center.spec.ts" time="0">
<skipped>
</skipped>
</testcase>
<testcase name="Validation › should show validation error for description less than 10 characters" classname="findings-center.spec.ts" time="0">
<skipped>
</skipped>
</testcase>
<testcase name="Validation › should show validation error when task is not selected" classname="findings-center.spec.ts" time="0">
<skipped>
</skipped>
</testcase>
<testcase name="Validation › should allow form submission after fixing validation errors" classname="findings-center.spec.ts" time="0">
<skipped>
</skipped>
</testcase>
<testcase name="Validation › should clear validation error when field is modified" classname="findings-center.spec.ts" time="0">
<skipped>
</skipped>
</testcase>
<testcase name="Integration Tests › full workflow: create, filter, edit, verify tracker updates" classname="findings-center.spec.ts" time="0">
<skipped>
</skipped>
</testcase>
<testcase name="Integration Tests › delete finding and verify tracker updates" classname="findings-center.spec.ts" time="0">
<skipped>
</skipped>
</testcase>
</testsuite>
<testsuite name="projects.spec.ts" timestamp="2026-02-05T08:23:16.371Z" hostname="chromium" tests="13" failures="0" skipped="13" time="0" errors="0">
<testcase name="Projects Page Navigation › should navigate to /projects page" classname="projects.spec.ts" time="0">
<skipped>
</skipped>
</testcase>
<testcase name="Projects Page Navigation › should display page title in Hebrew" classname="projects.spec.ts" time="0">
<skipped>
</skipped>
</testcase>
<testcase name="Projects Page Navigation › should display add project button" classname="projects.spec.ts" time="0">
<skipped>
</skipped>
</testcase>
<testcase name="Projects List Display › should display projects list or empty state" classname="projects.spec.ts" time="0">
<skipped>
</skipped>
</testcase>
<testcase name="Create New Project › should open create project modal" classname="projects.spec.ts" time="0">
<skipped>
</skipped>
</testcase>
<testcase name="Create New Project › should create a new project" classname="projects.spec.ts" time="0">
<skipped>
</skipped>
</testcase>
<testcase name="Create New Project › should validate required fields" classname="projects.spec.ts" time="0">
<skipped>
</skipped>
</testcase>
<testcase name="Create New Project › should cancel project creation" classname="projects.spec.ts" time="0">
<skipped>
</skipped>
</testcase>
<testcase name="Edit Project › should open edit modal for existing project" classname="projects.spec.ts" time="0">
<skipped>
</skipped>
</testcase>
<testcase name="Edit Project › should update project details" classname="projects.spec.ts" time="0">
<skipped>
</skipped>
</testcase>
<testcase name="Delete Project › should delete a project" classname="projects.spec.ts" time="0">
<skipped>
</skipped>
</testcase>
<testcase name="Project Selection › should navigate to dashboard when selecting a project" classname="projects.spec.ts" time="0">
<skipped>
</skipped>
</testcase>
<testcase name="Projects Page Integration Tests › full workflow: create, edit, select, delete project" classname="projects.spec.ts" time="0">
<skipped>
</skipped>
</testcase>
</testsuite>
<testsuite name="team-workspace.spec.ts" timestamp="2026-02-05T08:23:16.371Z" hostname="chromium" tests="14" failures="0" skipped="14" time="0" errors="0">
<testcase name="Team Page Navigation › should navigate from dashboard to /team page" classname="team-workspace.spec.ts" time="0">
<skipped>
</skipped>
</testcase>
<testcase name="Team Page Navigation › should verify page loads with RTL and Hebrew content" classname="team-workspace.spec.ts" time="0">
<skipped>
</skipped>
</testcase>
<testcase name="Team Page Navigation › should display team members list or empty state" classname="team-workspace.spec.ts" time="0">
<skipped>
</skipped>
</testcase>
<testcase name="Team Members CRUD › should add a new team member with all fields" classname="team-workspace.spec.ts" time="0">
<skipped>
</skipped>
</testcase>
<testcase name="Team Members CRUD › should edit team member details" classname="team-workspace.spec.ts" time="0">
<skipped>
</skipped>
</testcase>
<testcase name="Team Members CRUD › should delete a team member" classname="team-workspace.spec.ts" time="0">
<skipped>
</skipped>
</testcase>
<testcase name="Time Off Calendar › should display Time Off Calendar section" classname="team-workspace.spec.ts" time="0">
<skipped>
</skipped>
</testcase>
<testcase name="Time Off Calendar › should open Add Time Off modal when clicking button" classname="team-workspace.spec.ts" time="0">
<skipped>
</skipped>
</testcase>
<testcase name="Time Off Calendar › should add time off entry and verify it appears in calendar" classname="team-workspace.spec.ts" time="0">
<skipped>
</skipped>
</testcase>
<testcase name="Time Off Calendar › should validate that end date must be after start date" classname="team-workspace.spec.ts" time="0">
<skipped>
</skipped>
</testcase>
<testcase name="Task Assignment › should navigate to dashboard and verify Task Form has assignee dropdown" classname="team-workspace.spec.ts" time="0">
<skipped>
</skipped>
</testcase>
<testcase name="Task Assignment › should create task with assigned team member" classname="team-workspace.spec.ts" time="0">
<skipped>
</skipped>
</testcase>
<testcase name="Task Assignment › should verify assignee is saved and displayed on task" classname="team-workspace.spec.ts" time="0">
<skipped>
</skipped>
</testcase>
<testcase name="Integration Tests › full workflow: add member, add time off, assign task" classname="team-workspace.spec.ts" time="0">
<skipped>
</skipped>
</testcase>
</testsuite>
<testsuite name="auth.spec.ts" timestamp="2026-02-05T08:23:16.371Z" hostname="firefox" tests="20" failures="0" skipped="20" time="0" errors="0">
<testcase name="Login Page Navigation › should navigate to /login page" classname="auth.spec.ts" time="0">
<skipped>
</skipped>
</testcase>
<testcase name="Login Page Navigation › should display login form with Hebrew labels" classname="auth.spec.ts" time="0">
<skipped>
</skipped>
</testcase>
<testcase name="Login Page Navigation › should have link to register page" classname="auth.spec.ts" time="0">
<skipped>
</skipped>
</testcase>
<testcase name="Login Form Validation › should show error for invalid credentials" classname="auth.spec.ts" time="0">
<skipped>
</skipped>
</testcase>
<testcase name="Login Form Validation › should disable submit button while loading" classname="auth.spec.ts" time="0">
<skipped>
</skipped>
</testcase>
<testcase name="Login Form Validation › should require email and password fields" classname="auth.spec.ts" time="0">
<skipped>
</skipped>
</testcase>
<testcase name="Register Page Navigation › should navigate to /register page" classname="auth.spec.ts" time="0">
<skipped>
</skipped>
</testcase>
<testcase name="Register Page Navigation › should display register form with Hebrew labels" classname="auth.spec.ts" time="0">
<skipped>
</skipped>
</testcase>
<testcase name="Register Page Navigation › should have link to login page" classname="auth.spec.ts" time="0">
<skipped>
</skipped>
</testcase>
<testcase name="Register Form Validation › should show error when passwords do not match" classname="auth.spec.ts" time="0">
<skipped>
</skipped>
</testcase>
<testcase name="Register Form Validation › should show error for password less than 6 characters" classname="auth.spec.ts" time="0">
<skipped>
</skipped>
</testcase>
<testcase name="Register Form Validation › should show password hint" classname="auth.spec.ts" time="0">
<skipped>
</skipped>
</testcase>
<testcase name="Register Form Validation › should require email and password fields" classname="auth.spec.ts" time="0">
<skipped>
</skipped>
</testcase>
<testcase name="Successful Registration Flow › should register new user and redirect to dashboard" classname="auth.spec.ts" time="0">
<skipped>
</skipped>
</testcase>
<testcase name="Login Flow › should login with existing user and access dashboard" classname="auth.spec.ts" time="0">
<skipped>
</skipped>
</testcase>
<testcase name="Logout Flow › should logout and redirect to login page" classname="auth.spec.ts" time="0">
<skipped>
</skipped>
</testcase>
<testcase name="Protected Routes › should redirect unauthenticated user from dashboard to login" classname="auth.spec.ts" time="0">
<skipped>
</skipped>
</testcase>
<testcase name="Protected Routes › should redirect unauthenticated user from projects to login" classname="auth.spec.ts" time="0">
<skipped>
</skipped>
</testcase>
<testcase name="Protected Routes › should redirect unauthenticated user from team to login" classname="auth.spec.ts" time="0">
<skipped>
</skipped>
</testcase>
<testcase name="Auth Integration Tests › full auth workflow: register, dashboard access, logout, login" classname="auth.spec.ts" time="0">
<skipped>
</skipped>
</testcase>
</testsuite>
<testsuite name="dashboard.spec.ts" timestamp="2026-02-05T08:23:16.371Z" hostname="firefox" tests="17" failures="0" skipped="17" time="0" errors="0">
<testcase name="Dashboard Navigation &amp; Layout › should display dashboard with RTL layout" classname="dashboard.spec.ts" time="0">
<skipped>
</skipped>
</testcase>
<testcase name="Dashboard Navigation &amp; Layout › should display navigation bar" classname="dashboard.spec.ts" time="0">
<skipped>
</skipped>
</testcase>
<testcase name="Dashboard Navigation &amp; Layout › should display logout button for authenticated user" classname="dashboard.spec.ts" time="0">
<skipped>
</skipped>
</testcase>
<testcase name="Project Management › should display create project button or existing projects" classname="dashboard.spec.ts" time="0">
<skipped>
</skipped>
</testcase>
<testcase name="Project Management › should create a new project" classname="dashboard.spec.ts" time="0">
<skipped>
</skipped>
</testcase>
<testcase name="Phase Management › should display create phase button" classname="dashboard.spec.ts" time="0">
<skipped>
</skipped>
</testcase>
<testcase name="Phase Management › should create a new phase" classname="dashboard.spec.ts" time="0">
<skipped>
</skipped>
</testcase>
<testcase name="Task CRUD Operations › should display create task button" classname="dashboard.spec.ts" time="0">
<skipped>
</skipped>
</testcase>
<testcase name="Task CRUD Operations › should open task creation modal" classname="dashboard.spec.ts" time="0">
<skipped>
</skipped>
</testcase>
<testcase name="Task CRUD Operations › should create a new task" classname="dashboard.spec.ts" time="0">
<skipped>
</skipped>
</testcase>
<testcase name="Task CRUD Operations › should edit an existing task" classname="dashboard.spec.ts" time="0">
<skipped>
</skipped>
</testcase>
<testcase name="Task CRUD Operations › should delete a task" classname="dashboard.spec.ts" time="0">
<skipped>
</skipped>
</testcase>
<testcase name="Task Status Changes › should change task status from todo to in_progress" classname="dashboard.spec.ts" time="0">
<skipped>
</skipped>
</testcase>
<testcase name="View Mode Switching › should switch to Gantt view" classname="dashboard.spec.ts" time="0">
<skipped>
</skipped>
</testcase>
<testcase name="View Mode Switching › should switch back to Phases view" classname="dashboard.spec.ts" time="0">
<skipped>
</skipped>
</testcase>
<testcase name="Statistics Display › should display project statistics" classname="dashboard.spec.ts" time="0">
<skipped>
</skipped>
</testcase>
<testcase name="Dashboard Integration Tests › full workflow: create project, phase, task, edit, delete" classname="dashboard.spec.ts" time="0">
<skipped>
</skipped>
</testcase>
</testsuite>
<testsuite name="findings-center.spec.ts" timestamp="2026-02-05T08:23:16.371Z" hostname="firefox" tests="34" failures="0" skipped="34" time="0" errors="0">
<testcase name="Findings Page Navigation › should navigate to /findings page" classname="findings-center.spec.ts" time="0">
<skipped>
</skipped>
</testcase>
<testcase name="Findings Page Navigation › should verify page loads with FindingsList and CapaTracker" classname="findings-center.spec.ts" time="0">
<skipped>
</skipped>
</testcase>
<testcase name="Findings Page Navigation › should verify RTL layout and Hebrew labels" classname="findings-center.spec.ts" time="0">
<skipped>
</skipped>
</testcase>
<testcase name="Findings Page Navigation › should display findings grid layout on large screens" classname="findings-center.spec.ts" time="0">
<skipped>
</skipped>
</testcase>
<testcase name="Create New Finding › should open Add Finding modal when clicking button" classname="findings-center.spec.ts" time="0">
<skipped>
</skipped>
</testcase>
<testcase name="Create New Finding › should create a new finding with all fields" classname="findings-center.spec.ts" time="0">
<skipped>
</skipped>
</testcase>
<testcase name="Create New Finding › should create finding with critical severity and verify badge color" classname="findings-center.spec.ts" time="0">
<skipped>
</skipped>
</testcase>
<testcase name="Filter Findings › should display severity filter buttons" classname="findings-center.spec.ts" time="0">
<skipped>
</skipped>
</testcase>
<testcase name="Filter Findings › should filter findings by critical severity" classname="findings-center.spec.ts" time="0">
<skipped>
</skipped>
</testcase>
<testcase name="Filter Findings › should filter findings by status" classname="findings-center.spec.ts" time="0">
<skipped>
</skipped>
</testcase>
<testcase name="Filter Findings › should clear filters and show all findings" classname="findings-center.spec.ts" time="0">
<skipped>
</skipped>
</testcase>
<testcase name="Filter Findings › should show no matches message when filter returns empty" classname="findings-center.spec.ts" time="0">
<skipped>
</skipped>
</testcase>
<testcase name="Edit Finding › should open Edit Finding modal when clicking edit button" classname="findings-center.spec.ts" time="0">
<skipped>
</skipped>
</testcase>
<testcase name="Edit Finding › should update finding status from Open to In Progress" classname="findings-center.spec.ts" time="0">
<skipped>
</skipped>
</testcase>
<testcase name="Edit Finding › should update CAPA field and verify changes" classname="findings-center.spec.ts" time="0">
<skipped>
</skipped>
</testcase>
<testcase name="CAPA Tracker Widget › should display CAPA Tracker with statistics" classname="findings-center.spec.ts" time="0">
<skipped>
</skipped>
</testcase>
<testcase name="CAPA Tracker Widget › should display total findings count" classname="findings-center.spec.ts" time="0">
<skipped>
</skipped>
</testcase>
<testcase name="CAPA Tracker Widget › should display CAPA completion percentage" classname="findings-center.spec.ts" time="0">
<skipped>
</skipped>
</testcase>
<testcase name="CAPA Tracker Widget › should display overdue findings warning when applicable" classname="findings-center.spec.ts" time="0">
<skipped>
</skipped>
</testcase>
<testcase name="CAPA Tracker Widget › should display severity breakdown when findings exist" classname="findings-center.spec.ts" time="0">
<skipped>
</skipped>
</testcase>
<testcase name="Finding Card Display › should display finding card with severity badge" classname="findings-center.spec.ts" time="0">
<skipped>
</skipped>
</testcase>
<testcase name="Finding Card Display › should display finding card with status badge" classname="findings-center.spec.ts" time="0">
<skipped>
</skipped>
</testcase>
<testcase name="Finding Card Display › should display CAPA indicator on finding card" classname="findings-center.spec.ts" time="0">
<skipped>
</skipped>
</testcase>
<testcase name="Finding Card Display › should display due date on finding card when set" classname="findings-center.spec.ts" time="0">
<skipped>
</skipped>
</testcase>
<testcase name="Finding Card Display › should display edit and delete buttons on finding card" classname="findings-center.spec.ts" time="0">
<skipped>
</skipped>
</testcase>
<testcase name="Empty State › should display empty state when no findings exist" classname="findings-center.spec.ts" time="0">
<properties>
<property name="skip" value="">
</property>
</properties>
<skipped>
</skipped>
</testcase>
<testcase name="Empty State › should display CAPA Tracker empty state when no findings" classname="findings-center.spec.ts" time="0">
<skipped>
</skipped>
</testcase>
<testcase name="Validation › should show validation error for empty description" classname="findings-center.spec.ts" time="0">
<skipped>
</skipped>
</testcase>
<testcase name="Validation › should show validation error for description less than 10 characters" classname="findings-center.spec.ts" time="0">
<skipped>
</skipped>
</testcase>
<testcase name="Validation › should show validation error when task is not selected" classname="findings-center.spec.ts" time="0">
<skipped>
</skipped>
</testcase>
<testcase name="Validation › should allow form submission after fixing validation errors" classname="findings-center.spec.ts" time="0">
<skipped>
</skipped>
</testcase>
<testcase name="Validation › should clear validation error when field is modified" classname="findings-center.spec.ts" time="0">
<skipped>
</skipped>
</testcase>
<testcase name="Integration Tests › full workflow: create, filter, edit, verify tracker updates" classname="findings-center.spec.ts" time="0">
<skipped>
</skipped>
</testcase>
<testcase name="Integration Tests › delete finding and verify tracker updates" classname="findings-center.spec.ts" time="0">
<skipped>
</skipped>
</testcase>
</testsuite>
<testsuite name="projects.spec.ts" timestamp="2026-02-05T08:23:16.371Z" hostname="firefox" tests="13" failures="0" skipped="13" time="0" errors="0">
<testcase name="Projects Page Navigation › should navigate to /projects page" classname="projects.spec.ts" time="0">
<skipped>
</skipped>
</testcase>
<testcase name="Projects Page Navigation › should display page title in Hebrew" classname="projects.spec.ts" time="0">
<skipped>
</skipped>
</testcase>
<testcase name="Projects Page Navigation › should display add project button" classname="projects.spec.ts" time="0">
<skipped>
</skipped>
</testcase>
<testcase name="Projects List Display › should display projects list or empty state" classname="projects.spec.ts" time="0">
<skipped>
</skipped>
</testcase>
<testcase name="Create New Project › should open create project modal" classname="projects.spec.ts" time="0">
<skipped>
</skipped>
</testcase>
<testcase name="Create New Project › should create a new project" classname="projects.spec.ts" time="0">
<skipped>
</skipped>
</testcase>
<testcase name="Create New Project › should validate required fields" classname="projects.spec.ts" time="0">
<skipped>
</skipped>
</testcase>
<testcase name="Create New Project › should cancel project creation" classname="projects.spec.ts" time="0">
<skipped>
</skipped>
</testcase>
<testcase name="Edit Project › should open edit modal for existing project" classname="projects.spec.ts" time="0">
<skipped>
</skipped>
</testcase>
<testcase name="Edit Project › should update project details" classname="projects.spec.ts" time="0">
<skipped>
</skipped>
</testcase>
<testcase name="Delete Project › should delete a project" classname="projects.spec.ts" time="0">
<skipped>
</skipped>
</testcase>
<testcase name="Project Selection › should navigate to dashboard when selecting a project" classname="projects.spec.ts" time="0">
<skipped>
</skipped>
</testcase>
<testcase name="Projects Page Integration Tests › full workflow: create, edit, select, delete project" classname="projects.spec.ts" time="0">
<skipped>
</skipped>
</testcase>
</testsuite>
<testsuite name="team-workspace.spec.ts" timestamp="2026-02-05T08:23:16.371Z" hostname="firefox" tests="14" failures="0" skipped="14" time="0" errors="0">
<testcase name="Team Page Navigation › should navigate from dashboard to /team page" classname="team-workspace.spec.ts" time="0">
<skipped>
</skipped>
</testcase>
<testcase name="Team Page Navigation › should verify page loads with RTL and Hebrew content" classname="team-workspace.spec.ts" time="0">
<skipped>
</skipped>
</testcase>
<testcase name="Team Page Navigation › should display team members list or empty state" classname="team-workspace.spec.ts" time="0">
<skipped>
</skipped>
</testcase>
<testcase name="Team Members CRUD › should add a new team member with all fields" classname="team-workspace.spec.ts" time="0">
<skipped>
</skipped>
</testcase>
<testcase name="Team Members CRUD › should edit team member details" classname="team-workspace.spec.ts" time="0">
<skipped>
</skipped>
</testcase>
<testcase name="Team Members CRUD › should delete a team member" classname="team-workspace.spec.ts" time="0">
<skipped>
</skipped>
</testcase>
<testcase name="Time Off Calendar › should display Time Off Calendar section" classname="team-workspace.spec.ts" time="0">
<skipped>
</skipped>
</testcase>
<testcase name="Time Off Calendar › should open Add Time Off modal when clicking button" classname="team-workspace.spec.ts" time="0">
<skipped>
</skipped>
</testcase>
<testcase name="Time Off Calendar › should add time off entry and verify it appears in calendar" classname="team-workspace.spec.ts" time="0">
<skipped>
</skipped>
</testcase>
<testcase name="Time Off Calendar › should validate that end date must be after start date" classname="team-workspace.spec.ts" time="0">
<skipped>
</skipped>
</testcase>
<testcase name="Task Assignment › should navigate to dashboard and verify Task Form has assignee dropdown" classname="team-workspace.spec.ts" time="0">
<skipped>
</skipped>
</testcase>
<testcase name="Task Assignment › should create task with assigned team member" classname="team-workspace.spec.ts" time="0">
<skipped>
</skipped>
</testcase>
<testcase name="Task Assignment › should verify assignee is saved and displayed on task" classname="team-workspace.spec.ts" time="0">
<skipped>
</skipped>
</testcase>
<testcase name="Integration Tests › full workflow: add member, add time off, assign task" classname="team-workspace.spec.ts" time="0">
<skipped>
</skipped>
</testcase>
</testsuite>
<testsuite name="auth.spec.ts" timestamp="2026-02-05T08:23:16.371Z" hostname="webkit" tests="20" failures="0" skipped="20" time="0" errors="0">
<testcase name="Login Page Navigation › should navigate to /login page" classname="auth.spec.ts" time="0">
<skipped>
</skipped>
</testcase>
<testcase name="Login Page Navigation › should display login form with Hebrew labels" classname="auth.spec.ts" time="0">
<skipped>
</skipped>
</testcase>
<testcase name="Login Page Navigation › should have link to register page" classname="auth.spec.ts" time="0">
<skipped>
</skipped>
</testcase>
<testcase name="Login Form Validation › should show error for invalid credentials" classname="auth.spec.ts" time="0">
<skipped>
</skipped>
</testcase>
<testcase name="Login Form Validation › should disable submit button while loading" classname="auth.spec.ts" time="0">
<skipped>
</skipped>
</testcase>
<testcase name="Login Form Validation › should require email and password fields" classname="auth.spec.ts" time="0">
<skipped>
</skipped>
</testcase>
<testcase name="Register Page Navigation › should navigate to /register page" classname="auth.spec.ts" time="0">
<skipped>
</skipped>
</testcase>
<testcase name="Register Page Navigation › should display register form with Hebrew labels" classname="auth.spec.ts" time="0">
<skipped>
</skipped>
</testcase>
<testcase name="Register Page Navigation › should have link to login page" classname="auth.spec.ts" time="0">
<skipped>
</skipped>
</testcase>
<testcase name="Register Form Validation › should show error when passwords do not match" classname="auth.spec.ts" time="0">
<skipped>
</skipped>
</testcase>
<testcase name="Register Form Validation › should show error for password less than 6 characters" classname="auth.spec.ts" time="0">
<skipped>
</skipped>
</testcase>
<testcase name="Register Form Validation › should show password hint" classname="auth.spec.ts" time="0">
<skipped>
</skipped>
</testcase>
<testcase name="Register Form Validation › should require email and password fields" classname="auth.spec.ts" time="0">
<skipped>
</skipped>
</testcase>
<testcase name="Successful Registration Flow › should register new user and redirect to dashboard" classname="auth.spec.ts" time="0">
<skipped>
</skipped>
</testcase>
<testcase name="Login Flow › should login with existing user and access dashboard" classname="auth.spec.ts" time="0">
<skipped>
</skipped>
</testcase>
<testcase name="Logout Flow › should logout and redirect to login page" classname="auth.spec.ts" time="0">
<skipped>
</skipped>
</testcase>
<testcase name="Protected Routes › should redirect unauthenticated user from dashboard to login" classname="auth.spec.ts" time="0">
<skipped>
</skipped>
</testcase>
<testcase name="Protected Routes › should redirect unauthenticated user from projects to login" classname="auth.spec.ts" time="0">
<skipped>
</skipped>
</testcase>
<testcase name="Protected Routes › should redirect unauthenticated user from team to login" classname="auth.spec.ts" time="0">
<skipped>
</skipped>
</testcase>
<testcase name="Auth Integration Tests › full auth workflow: register, dashboard access, logout, login" classname="auth.spec.ts" time="0">
<skipped>
</skipped>
</testcase>
</testsuite>
<testsuite name="dashboard.spec.ts" timestamp="2026-02-05T08:23:16.371Z" hostname="webkit" tests="17" failures="0" skipped="17" time="0" errors="0">
<testcase name="Dashboard Navigation &amp; Layout › should display dashboard with RTL layout" classname="dashboard.spec.ts" time="0">
<skipped>
</skipped>
</testcase>
<testcase name="Dashboard Navigation &amp; Layout › should display navigation bar" classname="dashboard.spec.ts" time="0">
<skipped>
</skipped>
</testcase>
<testcase name="Dashboard Navigation &amp; Layout › should display logout button for authenticated user" classname="dashboard.spec.ts" time="0">
<skipped>
</skipped>
</testcase>
<testcase name="Project Management › should display create project button or existing projects" classname="dashboard.spec.ts" time="0">
<skipped>
</skipped>
</testcase>
<testcase name="Project Management › should create a new project" classname="dashboard.spec.ts" time="0">
<skipped>
</skipped>
</testcase>
<testcase name="Phase Management › should display create phase button" classname="dashboard.spec.ts" time="0">
<skipped>
</skipped>
</testcase>
<testcase name="Phase Management › should create a new phase" classname="dashboard.spec.ts" time="0">
<skipped>
</skipped>
</testcase>
<testcase name="Task CRUD Operations › should display create task button" classname="dashboard.spec.ts" time="0">
<skipped>
</skipped>
</testcase>
<testcase name="Task CRUD Operations › should open task creation modal" classname="dashboard.spec.ts" time="0">
<skipped>
</skipped>
</testcase>
<testcase name="Task CRUD Operations › should create a new task" classname="dashboard.spec.ts" time="0">
<skipped>
</skipped>
</testcase>
<testcase name="Task CRUD Operations › should edit an existing task" classname="dashboard.spec.ts" time="0">
<skipped>
</skipped>
</testcase>
<testcase name="Task CRUD Operations › should delete a task" classname="dashboard.spec.ts" time="0">
<skipped>
</skipped>
</testcase>
<testcase name="Task Status Changes › should change task status from todo to in_progress" classname="dashboard.spec.ts" time="0">
<skipped>
</skipped>
</testcase>
<testcase name="View Mode Switching › should switch to Gantt view" classname="dashboard.spec.ts" time="0">
<skipped>
</skipped>
</testcase>
<testcase name="View Mode Switching › should switch back to Phases view" classname="dashboard.spec.ts" time="0">
<skipped>
</skipped>
</testcase>
<testcase name="Statistics Display › should display project statistics" classname="dashboard.spec.ts" time="0">
<skipped>
</skipped>
</testcase>
<testcase name="Dashboard Integration Tests › full workflow: create project, phase, task, edit, delete" classname="dashboard.spec.ts" time="0">
<skipped>
</skipped>
</testcase>
</testsuite>
<testsuite name="findings-center.spec.ts" timestamp="2026-02-05T08:23:16.371Z" hostname="webkit" tests="34" failures="0" skipped="34" time="0" errors="0">
<testcase name="Findings Page Navigation › should navigate to /findings page" classname="findings-center.spec.ts" time="0">
<skipped>
</skipped>
</testcase>
<testcase name="Findings Page Navigation › should verify page loads with FindingsList and CapaTracker" classname="findings-center.spec.ts" time="0">
<skipped>
</skipped>
</testcase>
<testcase name="Findings Page Navigation › should verify RTL layout and Hebrew labels" classname="findings-center.spec.ts" time="0">
<skipped>
</skipped>
</testcase>
<testcase name="Findings Page Navigation › should display findings grid layout on large screens" classname="findings-center.spec.ts" time="0">
<skipped>
</skipped>
</testcase>
<testcase name="Create New Finding › should open Add Finding modal when clicking button" classname="findings-center.spec.ts" time="0">
<skipped>
</skipped>
</testcase>
<testcase name="Create New Finding › should create a new finding with all fields" classname="findings-center.spec.ts" time="0">
<skipped>
</skipped>
</testcase>
<testcase name="Create New Finding › should create finding with critical severity and verify badge color" classname="findings-center.spec.ts" time="0">
<skipped>
</skipped>
</testcase>
<testcase name="Filter Findings › should display severity filter buttons" classname="findings-center.spec.ts" time="0">
<skipped>
</skipped>
</testcase>
<testcase name="Filter Findings › should filter findings by critical severity" classname="findings-center.spec.ts" time="0">
<skipped>
</skipped>
</testcase>
<testcase name="Filter Findings › should filter findings by status" classname="findings-center.spec.ts" time="0">
<skipped>
</skipped>
</testcase>
<testcase name="Filter Findings › should clear filters and show all findings" classname="findings-center.spec.ts" time="0">
<skipped>
</skipped>
</testcase>
<testcase name="Filter Findings › should show no matches message when filter returns empty" classname="findings-center.spec.ts" time="0">
<skipped>
</skipped>
</testcase>
<testcase name="Edit Finding › should open Edit Finding modal when clicking edit button" classname="findings-center.spec.ts" time="0">
<skipped>
</skipped>
</testcase>
<testcase name="Edit Finding › should update finding status from Open to In Progress" classname="findings-center.spec.ts" time="0">
<skipped>
</skipped>
</testcase>
<testcase name="Edit Finding › should update CAPA field and verify changes" classname="findings-center.spec.ts" time="0">
<skipped>
</skipped>
</testcase>
<testcase name="CAPA Tracker Widget › should display CAPA Tracker with statistics" classname="findings-center.spec.ts" time="0">
<skipped>
</skipped>
</testcase>
<testcase name="CAPA Tracker Widget › should display total findings count" classname="findings-center.spec.ts" time="0">
<skipped>
</skipped>
</testcase>
<testcase name="CAPA Tracker Widget › should display CAPA completion percentage" classname="findings-center.spec.ts" time="0">
<skipped>
</skipped>
</testcase>
<testcase name="CAPA Tracker Widget › should display overdue findings warning when applicable" classname="findings-center.spec.ts" time="0">
<skipped>
</skipped>
</testcase>
<testcase name="CAPA Tracker Widget › should display severity breakdown when findings exist" classname="findings-center.spec.ts" time="0">
<skipped>
</skipped>
</testcase>
<testcase name="Finding Card Display › should display finding card with severity badge" classname="findings-center.spec.ts" time="0">
<skipped>
</skipped>
</testcase>
<testcase name="Finding Card Display › should display finding card with status badge" classname="findings-center.spec.ts" time="0">
<skipped>
</skipped>
</testcase>
<testcase name="Finding Card Display › should display CAPA indicator on finding card" classname="findings-center.spec.ts" time="0">
<skipped>
</skipped>
</testcase>
<testcase name="Finding Card Display › should display due date on finding card when set" classname="findings-center.spec.ts" time="0">
<skipped>
</skipped>
</testcase>
<testcase name="Finding Card Display › should display edit and delete buttons on finding card" classname="findings-center.spec.ts" time="0">
<skipped>
</skipped>
</testcase>
<testcase name="Empty State › should display empty state when no findings exist" classname="findings-center.spec.ts" time="0">
<properties>
<property name="skip" value="">
</property>
</properties>
<skipped>
</skipped>
</testcase>
<testcase name="Empty State › should display CAPA Tracker empty state when no findings" classname="findings-center.spec.ts" time="0">
<skipped>
</skipped>
</testcase>
<testcase name="Validation › should show validation error for empty description" classname="findings-center.spec.ts" time="0">
<skipped>
</skipped>
</testcase>
<testcase name="Validation › should show validation error for description less than 10 characters" classname="findings-center.spec.ts" time="0">
<skipped>
</skipped>
</testcase>
<testcase name="Validation › should show validation error when task is not selected" classname="findings-center.spec.ts" time="0">
<skipped>
</skipped>
</testcase>
<testcase name="Validation › should allow form submission after fixing validation errors" classname="findings-center.spec.ts" time="0">
<skipped>
</skipped>
</testcase>
<testcase name="Validation › should clear validation error when field is modified" classname="findings-center.spec.ts" time="0">
<skipped>
</skipped>
</testcase>
<testcase name="Integration Tests › full workflow: create, filter, edit, verify tracker updates" classname="findings-center.spec.ts" time="0">
<skipped>
</skipped>
</testcase>
<testcase name="Integration Tests › delete finding and verify tracker updates" classname="findings-center.spec.ts" time="0">
<skipped>
</skipped>
</testcase>
</testsuite>
<testsuite name="projects.spec.ts" timestamp="2026-02-05T08:23:16.371Z" hostname="webkit" tests="13" failures="0" skipped="13" time="0" errors="0">
<testcase name="Projects Page Navigation › should navigate to /projects page" classname="projects.spec.ts" time="0">
<skipped>
</skipped>
</testcase>
<testcase name="Projects Page Navigation › should display page title in Hebrew" classname="projects.spec.ts" time="0">
<skipped>
</skipped>
</testcase>
<testcase name="Projects Page Navigation › should display add project button" classname="projects.spec.ts" time="0">
<skipped>
</skipped>
</testcase>
<testcase name="Projects List Display › should display projects list or empty state" classname="projects.spec.ts" time="0">
<skipped>
</skipped>
</testcase>
<testcase name="Create New Project › should open create project modal" classname="projects.spec.ts" time="0">
<skipped>
</skipped>
</testcase>
<testcase name="Create New Project › should create a new project" classname="projects.spec.ts" time="0">
<skipped>
</skipped>
</testcase>
<testcase name="Create New Project › should validate required fields" classname="projects.spec.ts" time="0">
<skipped>
</skipped>
</testcase>
<testcase name="Create New Project › should cancel project creation" classname="projects.spec.ts" time="0">
<skipped>
</skipped>
</testcase>
<testcase name="Edit Project › should open edit modal for existing project" classname="projects.spec.ts" time="0">
<skipped>
</skipped>
</testcase>
<testcase name="Edit Project › should update project details" classname="projects.spec.ts" time="0">
<skipped>
</skipped>
</testcase>
<testcase name="Delete Project › should delete a project" classname="projects.spec.ts" time="0">
<skipped>
</skipped>
</testcase>
<testcase name="Project Selection › should navigate to dashboard when selecting a project" classname="projects.spec.ts" time="0">
<skipped>
</skipped>
</testcase>
<testcase name="Projects Page Integration Tests › full workflow: create, edit, select, delete project" classname="projects.spec.ts" time="0">
<skipped>
</skipped>
</testcase>
</testsuite>
<testsuite name="team-workspace.spec.ts" timestamp="2026-02-05T08:23:16.371Z" hostname="webkit" tests="14" failures="0" skipped="14" time="0" errors="0">
<testcase name="Team Page Navigation › should navigate from dashboard to /team page" classname="team-workspace.spec.ts" time="0">
<skipped>
</skipped>
</testcase>
<testcase name="Team Page Navigation › should verify page loads with RTL and Hebrew content" classname="team-workspace.spec.ts" time="0">
<skipped>
</skipped>
</testcase>
<testcase name="Team Page Navigation › should display team members list or empty state" classname="team-workspace.spec.ts" time="0">
<skipped>
</skipped>
</testcase>
<testcase name="Team Members CRUD › should add a new team member with all fields" classname="team-workspace.spec.ts" time="0">
<skipped>
</skipped>
</testcase>
<testcase name="Team Members CRUD › should edit team member details" classname="team-workspace.spec.ts" time="0">
<skipped>
</skipped>
</testcase>
<testcase name="Team Members CRUD › should delete a team member" classname="team-workspace.spec.ts" time="0">
<skipped>
</skipped>
</testcase>
<testcase name="Time Off Calendar › should display Time Off Calendar section" classname="team-workspace.spec.ts" time="0">
<skipped>
</skipped>
</testcase>
<testcase name="Time Off Calendar › should open Add Time Off modal when clicking button" classname="team-workspace.spec.ts" time="0">
<skipped>
</skipped>
</testcase>
<testcase name="Time Off Calendar › should add time off entry and verify it appears in calendar" classname="team-workspace.spec.ts" time="0">
<skipped>
</skipped>
</testcase>
<testcase name="Time Off Calendar › should validate that end date must be after start date" classname="team-workspace.spec.ts" time="0">
<skipped>
</skipped>
</testcase>
<testcase name="Task Assignment › should navigate to dashboard and verify Task Form has assignee dropdown" classname="team-workspace.spec.ts" time="0">
<skipped>
</skipped>
</testcase>
<testcase name="Task Assignment › should create task with assigned team member" classname="team-workspace.spec.ts" time="0">
<skipped>
</skipped>
</testcase>
<testcase name="Task Assignment › should verify assignee is saved and displayed on task" classname="team-workspace.spec.ts" time="0">
<skipped>
</skipped>
</testcase>
<testcase name="Integration Tests › full workflow: add member, add time off, assign task" classname="team-workspace.spec.ts" time="0">
<skipped>
</skipped>
</testcase>
</testsuite>
<testsuite name="auth.spec.ts" timestamp="2026-02-05T08:23:16.371Z" hostname="mobile-chrome" tests="20" failures="0" skipped="20" time="0" errors="0">
<testcase name="Login Page Navigation › should navigate to /login page" classname="auth.spec.ts" time="0">
<skipped>
</skipped>
</testcase>
<testcase name="Login Page Navigation › should display login form with Hebrew labels" classname="auth.spec.ts" time="0">
<skipped>
</skipped>
</testcase>
<testcase name="Login Page Navigation › should have link to register page" classname="auth.spec.ts" time="0">
<skipped>
</skipped>
</testcase>
<testcase name="Login Form Validation › should show error for invalid credentials" classname="auth.spec.ts" time="0">
<skipped>
</skipped>
</testcase>
<testcase name="Login Form Validation › should disable submit button while loading" classname="auth.spec.ts" time="0">
<skipped>
</skipped>
</testcase>
<testcase name="Login Form Validation › should require email and password fields" classname="auth.spec.ts" time="0">
<skipped>
</skipped>
</testcase>
<testcase name="Register Page Navigation › should navigate to /register page" classname="auth.spec.ts" time="0">
<skipped>
</skipped>
</testcase>
<testcase name="Register Page Navigation › should display register form with Hebrew labels" classname="auth.spec.ts" time="0">
<skipped>
</skipped>
</testcase>
<testcase name="Register Page Navigation › should have link to login page" classname="auth.spec.ts" time="0">
<skipped>
</skipped>
</testcase>
<testcase name="Register Form Validation › should show error when passwords do not match" classname="auth.spec.ts" time="0">
<skipped>
</skipped>
</testcase>
<testcase name="Register Form Validation › should show error for password less than 6 characters" classname="auth.spec.ts" time="0">
<skipped>
</skipped>
</testcase>
<testcase name="Register Form Validation › should show password hint" classname="auth.spec.ts" time="0">
<skipped>
</skipped>
</testcase>
<testcase name="Register Form Validation › should require email and password fields" classname="auth.spec.ts" time="0">
<skipped>
</skipped>
</testcase>
<testcase name="Successful Registration Flow › should register new user and redirect to dashboard" classname="auth.spec.ts" time="0">
<skipped>
</skipped>
</testcase>
<testcase name="Login Flow › should login with existing user and access dashboard" classname="auth.spec.ts" time="0">
<skipped>
</skipped>
</testcase>
<testcase name="Logout Flow › should logout and redirect to login page" classname="auth.spec.ts" time="0">
<skipped>
</skipped>
</testcase>
<testcase name="Protected Routes › should redirect unauthenticated user from dashboard to login" classname="auth.spec.ts" time="0">
<skipped>
</skipped>
</testcase>
<testcase name="Protected Routes › should redirect unauthenticated user from projects to login" classname="auth.spec.ts" time="0">
<skipped>
</skipped>
</testcase>
<testcase name="Protected Routes › should redirect unauthenticated user from team to login" classname="auth.spec.ts" time="0">
<skipped>
</skipped>
</testcase>
<testcase name="Auth Integration Tests › full auth workflow: register, dashboard access, logout, login" classname="auth.spec.ts" time="0">
<skipped>
</skipped>
</testcase>
</testsuite>
<testsuite name="dashboard.spec.ts" timestamp="2026-02-05T08:23:16.371Z" hostname="mobile-chrome" tests="17" failures="0" skipped="17" time="0" errors="0">
<testcase name="Dashboard Navigation &amp; Layout › should display dashboard with RTL layout" classname="dashboard.spec.ts" time="0">
<skipped>
</skipped>
</testcase>
<testcase name="Dashboard Navigation &amp; Layout › should display navigation bar" classname="dashboard.spec.ts" time="0">
<skipped>
</skipped>
</testcase>
<testcase name="Dashboard Navigation &amp; Layout › should display logout button for authenticated user" classname="dashboard.spec.ts" time="0">
<skipped>
</skipped>
</testcase>
<testcase name="Project Management › should display create project button or existing projects" classname="dashboard.spec.ts" time="0">
<skipped>
</skipped>
</testcase>
<testcase name="Project Management › should create a new project" classname="dashboard.spec.ts" time="0">
<skipped>
</skipped>
</testcase>
<testcase name="Phase Management › should display create phase button" classname="dashboard.spec.ts" time="0">
<skipped>
</skipped>
</testcase>
<testcase name="Phase Management › should create a new phase" classname="dashboard.spec.ts" time="0">
<skipped>
</skipped>
</testcase>
<testcase name="Task CRUD Operations › should display create task button" classname="dashboard.spec.ts" time="0">
<skipped>
</skipped>
</testcase>
<testcase name="Task CRUD Operations › should open task creation modal" classname="dashboard.spec.ts" time="0">
<skipped>
</skipped>
</testcase>
<testcase name="Task CRUD Operations › should create a new task" classname="dashboard.spec.ts" time="0">
<skipped>
</skipped>
</testcase>
<testcase name="Task CRUD Operations › should edit an existing task" classname="dashboard.spec.ts" time="0">
<skipped>
</skipped>
</testcase>
<testcase name="Task CRUD Operations › should delete a task" classname="dashboard.spec.ts" time="0">
<skipped>
</skipped>
</testcase>
<testcase name="Task Status Changes › should change task status from todo to in_progress" classname="dashboard.spec.ts" time="0">
<skipped>
</skipped>
</testcase>
<testcase name="View Mode Switching › should switch to Gantt view" classname="dashboard.spec.ts" time="0">
<skipped>
</skipped>
</testcase>
<testcase name="View Mode Switching › should switch back to Phases view" classname="dashboard.spec.ts" time="0">
<skipped>
</skipped>
</testcase>
<testcase name="Statistics Display › should display project statistics" classname="dashboard.spec.ts" time="0">
<skipped>
</skipped>
</testcase>
<testcase name="Dashboard Integration Tests › full workflow: create project, phase, task, edit, delete" classname="dashboard.spec.ts" time="0">
<skipped>
</skipped>
</testcase>
</testsuite>
<testsuite name="findings-center.spec.ts" timestamp="2026-02-05T08:23:16.371Z" hostname="mobile-chrome" tests="34" failures="0" skipped="34" time="0" errors="0">
<testcase name="Findings Page Navigation › should navigate to /findings page" classname="findings-center.spec.ts" time="0">
<skipped>
</skipped>
</testcase>
<testcase name="Findings Page Navigation › should verify page loads with FindingsList and CapaTracker" classname="findings-center.spec.ts" time="0">
<skipped>
</skipped>
</testcase>
<testcase name="Findings Page Navigation › should verify RTL layout and Hebrew labels" classname="findings-center.spec.ts" time="0">
<skipped>
</skipped>
</testcase>
<testcase name="Findings Page Navigation › should display findings grid layout on large screens" classname="findings-center.spec.ts" time="0">
<skipped>
</skipped>
</testcase>
<testcase name="Create New Finding › should open Add Finding modal when clicking button" classname="findings-center.spec.ts" time="0">
<skipped>
</skipped>
</testcase>
<testcase name="Create New Finding › should create a new finding with all fields" classname="findings-center.spec.ts" time="0">
<skipped>
</skipped>
</testcase>
<testcase name="Create New Finding › should create finding with critical severity and verify badge color" classname="findings-center.spec.ts" time="0">
<skipped>
</skipped>
</testcase>
<testcase name="Filter Findings › should display severity filter buttons" classname="findings-center.spec.ts" time="0">
<skipped>
</skipped>
</testcase>
<testcase name="Filter Findings › should filter findings by critical severity" classname="findings-center.spec.ts" time="0">
<skipped>
</skipped>
</testcase>
<testcase name="Filter Findings › should filter findings by status" classname="findings-center.spec.ts" time="0">
<skipped>
</skipped>
</testcase>
<testcase name="Filter Findings › should clear filters and show all findings" classname="findings-center.spec.ts" time="0">
<skipped>
</skipped>
</testcase>
<testcase name="Filter Findings › should show no matches message when filter returns empty" classname="findings-center.spec.ts" time="0">
<skipped>
</skipped>
</testcase>
<testcase name="Edit Finding › should open Edit Finding modal when clicking edit button" classname="findings-center.spec.ts" time="0">
<skipped>
</skipped>
</testcase>
<testcase name="Edit Finding › should update finding status from Open to In Progress" classname="findings-center.spec.ts" time="0">
<skipped>
</skipped>
</testcase>
<testcase name="Edit Finding › should update CAPA field and verify changes" classname="findings-center.spec.ts" time="0">
<skipped>
</skipped>
</testcase>
<testcase name="CAPA Tracker Widget › should display CAPA Tracker with statistics" classname="findings-center.spec.ts" time="0">
<skipped>
</skipped>
</testcase>
<testcase name="CAPA Tracker Widget › should display total findings count" classname="findings-center.spec.ts" time="0">
<skipped>
</skipped>
</testcase>
<testcase name="CAPA Tracker Widget › should display CAPA completion percentage" classname="findings-center.spec.ts" time="0">
<skipped>
</skipped>
</testcase>
<testcase name="CAPA Tracker Widget › should display overdue findings warning when applicable" classname="findings-center.spec.ts" time="0">
<skipped>
</skipped>
</testcase>
<testcase name="CAPA Tracker Widget › should display severity breakdown when findings exist" classname="findings-center.spec.ts" time="0">
<skipped>
</skipped>
</testcase>
<testcase name="Finding Card Display › should display finding card with severity badge" classname="findings-center.spec.ts" time="0">
<skipped>
</skipped>
</testcase>
<testcase name="Finding Card Display › should display finding card with status badge" classname="findings-center.spec.ts" time="0">
<skipped>
</skipped>
</testcase>
<testcase name="Finding Card Display › should display CAPA indicator on finding card" classname="findings-center.spec.ts" time="0">
<skipped>
</skipped>
</testcase>
<testcase name="Finding Card Display › should display due date on finding card when set" classname="findings-center.spec.ts" time="0">
<skipped>
</skipped>
</testcase>
<testcase name="Finding Card Display › should display edit and delete buttons on finding card" classname="findings-center.spec.ts" time="0">
<skipped>
</skipped>
</testcase>
<testcase name="Empty State › should display empty state when no findings exist" classname="findings-center.spec.ts" time="0">
<properties>
<property name="skip" value="">
</property>
</properties>
<skipped>
</skipped>
</testcase>
<testcase name="Empty State › should display CAPA Tracker empty state when no findings" classname="findings-center.spec.ts" time="0">
<skipped>
</skipped>
</testcase>
<testcase name="Validation › should show validation error for empty description" classname="findings-center.spec.ts" time="0">
<skipped>
</skipped>
</testcase>
<testcase name="Validation › should show validation error for description less than 10 characters" classname="findings-center.spec.ts" time="0">
<skipped>
</skipped>
</testcase>
<testcase name="Validation › should show validation error when task is not selected" classname="findings-center.spec.ts" time="0">
<skipped>
</skipped>
</testcase>
<testcase name="Validation › should allow form submission after fixing validation errors" classname="findings-center.spec.ts" time="0">
<skipped>
</skipped>
</testcase>
<testcase name="Validation › should clear validation error when field is modified" classname="findings-center.spec.ts" time="0">
<skipped>
</skipped>
</testcase>
<testcase name="Integration Tests › full workflow: create, filter, edit, verify tracker updates" classname="findings-center.spec.ts" time="0">
<skipped>
</skipped>
</testcase>
<testcase name="Integration Tests › delete finding and verify tracker updates" classname="findings-center.spec.ts" time="0">
<skipped>
</skipped>
</testcase>
</testsuite>
<testsuite name="projects.spec.ts" timestamp="2026-02-05T08:23:16.371Z" hostname="mobile-chrome" tests="13" failures="0" skipped="13" time="0" errors="0">
<testcase name="Projects Page Navigation › should navigate to /projects page" classname="projects.spec.ts" time="0">
<skipped>
</skipped>
</testcase>
<testcase name="Projects Page Navigation › should display page title in Hebrew" classname="projects.spec.ts" time="0">
<skipped>
</skipped>
</testcase>
<testcase name="Projects Page Navigation › should display add project button" classname="projects.spec.ts" time="0">
<skipped>
</skipped>
</testcase>
<testcase name="Projects List Display › should display projects list or empty state" classname="projects.spec.ts" time="0">
<skipped>
</skipped>
</testcase>
<testcase name="Create New Project › should open create project modal" classname="projects.spec.ts" time="0">
<skipped>
</skipped>
</testcase>
<testcase name="Create New Project › should create a new project" classname="projects.spec.ts" time="0">
<skipped>
</skipped>
</testcase>
<testcase name="Create New Project › should validate required fields" classname="projects.spec.ts" time="0">
<skipped>
</skipped>
</testcase>
<testcase name="Create New Project › should cancel project creation" classname="projects.spec.ts" time="0">
<skipped>
</skipped>
</testcase>
<testcase name="Edit Project › should open edit modal for existing project" classname="projects.spec.ts" time="0">
<skipped>
</skipped>
</testcase>
<testcase name="Edit Project › should update project details" classname="projects.spec.ts" time="0">
<skipped>
</skipped>
</testcase>
<testcase name="Delete Project › should delete a project" classname="projects.spec.ts" time="0">
<skipped>
</skipped>
</testcase>
<testcase name="Project Selection › should navigate to dashboard when selecting a project" classname="projects.spec.ts" time="0">
<skipped>
</skipped>
</testcase>
<testcase name="Projects Page Integration Tests › full workflow: create, edit, select, delete project" classname="projects.spec.ts" time="0">
<skipped>
</skipped>
</testcase>
</testsuite>
<testsuite name="team-workspace.spec.ts" timestamp="2026-02-05T08:23:16.371Z" hostname="mobile-chrome" tests="14" failures="0" skipped="14" time="0" errors="0">
<testcase name="Team Page Navigation › should navigate from dashboard to /team page" classname="team-workspace.spec.ts" time="0">
<skipped>
</skipped>
</testcase>
<testcase name="Team Page Navigation › should verify page loads with RTL and Hebrew content" classname="team-workspace.spec.ts" time="0">
<skipped>
</skipped>
</testcase>
<testcase name="Team Page Navigation › should display team members list or empty state" classname="team-workspace.spec.ts" time="0">
<skipped>
</skipped>
</testcase>
<testcase name="Team Members CRUD › should add a new team member with all fields" classname="team-workspace.spec.ts" time="0">
<skipped>
</skipped>
</testcase>
<testcase name="Team Members CRUD › should edit team member details" classname="team-workspace.spec.ts" time="0">
<skipped>
</skipped>
</testcase>
<testcase name="Team Members CRUD › should delete a team member" classname="team-workspace.spec.ts" time="0">
<skipped>
</skipped>
</testcase>
<testcase name="Time Off Calendar › should display Time Off Calendar section" classname="team-workspace.spec.ts" time="0">
<skipped>
</skipped>
</testcase>
<testcase name="Time Off Calendar › should open Add Time Off modal when clicking button" classname="team-workspace.spec.ts" time="0">
<skipped>
</skipped>
</testcase>
<testcase name="Time Off Calendar › should add time off entry and verify it appears in calendar" classname="team-workspace.spec.ts" time="0">
<skipped>
</skipped>
</testcase>
<testcase name="Time Off Calendar › should validate that end date must be after start date" classname="team-workspace.spec.ts" time="0">
<skipped>
</skipped>
</testcase>
<testcase name="Task Assignment › should navigate to dashboard and verify Task Form has assignee dropdown" classname="team-workspace.spec.ts" time="0">
<skipped>
</skipped>
</testcase>
<testcase name="Task Assignment › should create task with assigned team member" classname="team-workspace.spec.ts" time="0">
<skipped>
</skipped>
</testcase>
<testcase name="Task Assignment › should verify assignee is saved and displayed on task" classname="team-workspace.spec.ts" time="0">
<skipped>
</skipped>
</testcase>
<testcase name="Integration Tests › full workflow: add member, add time off, assign task" classname="team-workspace.spec.ts" time="0">
<skipped>
</skipped>
</testcase>
</testsuite>
</testsuites>